0 verbose cli /usr/local/bin/node /usr/local/bin/npm
1 info using npm@11.11.1
2 info using node@v24.13.1
3 silly config load:file:/usr/local/lib/node_modules/npm/npmrc
4 silly config load:file:/Users/jayeshpaluru/Downloads/code/cs4339/project2/.npmrc
5 silly config load:file:/Users/jayeshpaluru/.npmrc
6 silly config load:file:/usr/local/etc/npmrc
7 verbose title npm install
8 verbose argv "install" "--legacy-peer-deps" "--cache" "/Users/jayeshpaluru/Downloads/code/cs4339/project2/.npm-cache"
9 verbose logfile logs-max:10 dir:/Users/jayeshpaluru/Downloads/code/cs4339/project2/.npm-cache/_logs/2026-04-09T02_34_41_825Z-
10 verbose logfile /Users/jayeshpaluru/Downloads/code/cs4339/project2/.npm-cache/_logs/2026-04-09T02_34_41_825Z-debug-0.log
11 silly logfile done cleaning log files
12 silly packumentCache heap:4496293888 maxSize:1124073472 maxEntrySize:562036736
13 silly idealTree buildDeps
14 silly fetch manifest @emotion/react@^11.10.5
15 silly packumentCache full:https://registry.npmjs.org/@emotion%2freact cache-miss
16 http fetch GET https://registry.npmjs.org/@emotion%2freact attempt 1 failed with ENOTFOUND
17 http fetch GET https://registry.npmjs.org/@emotion%2freact attempt 2 failed with ENOTFOUND
18 http fetch GET https://registry.npmjs.org/@emotion%2freact attempt 3 failed with ENOTFOUND
19 silly fetch manifest @emotion/styled@^11.10.5
20 silly packumentCache full:https://registry.npmjs.org/@emotion%2fstyled cache-miss
21 http fetch GET https://registry.npmjs.org/@emotion%2fstyled attempt 1 failed with ENOTFOUND
22 http fetch GET https://registry.npmjs.org/@emotion%2fstyled attempt 2 failed with ENOTFOUND
23 http fetch GET https://registry.npmjs.org/@emotion%2fstyled attempt 3 failed with ENOTFOUND
24 silly fetch manifest @mui/material@^5.11.8
25 silly packumentCache full:https://registry.npmjs.org/@mui%2fmaterial cache-miss
26 http fetch GET https://registry.npmjs.org/@mui%2fmaterial attempt 1 failed with ENOTFOUND
27 http fetch GET https://registry.npmjs.org/@mui%2fmaterial attempt 2 failed with ENOTFOUND
28 http fetch GET https://registry.npmjs.org/@mui%2fmaterial attempt 3 failed with ENOTFOUND
29 silly fetch manifest @mui/system@^5.11.8
30 silly packumentCache full:https://registry.npmjs.org/@mui%2fsystem cache-miss
31 http fetch GET https://registry.npmjs.org/@mui%2fsystem attempt 1 failed with ENOTFOUND
32 http fetch GET https://registry.npmjs.org/@mui%2fsystem attempt 2 failed with ENOTFOUND
33 http fetch GET https://registry.npmjs.org/@mui%2fsystem attempt 3 failed with ENOTFOUND
34 silly fetch manifest async@^3.2.6
35 silly packumentCache full:https://registry.npmjs.org/async cache-miss
36 http fetch GET https://registry.npmjs.org/async attempt 1 failed with ENOTFOUND
37 http fetch GET https://registry.npmjs.org/async attempt 2 failed with ENOTFOUND
38 http fetch GET https://registry.npmjs.org/async attempt 3 failed with ENOTFOUND
39 silly fetch manifest axios@^1.6.0
40 silly packumentCache full:https://registry.npmjs.org/axios cache-miss
41 http fetch GET https://registry.npmjs.org/axios attempt 1 failed with ENOTFOUND
42 http fetch GET https://registry.npmjs.org/axios attempt 2 failed with ENOTFOUND
43 http fetch GET https://registry.npmjs.org/axios attempt 3 failed with ENOTFOUND
44 silly fetch manifest axios-mock-adapter@^1.22.0
45 silly packumentCache full:https://registry.npmjs.org/axios-mock-adapter cache-miss
46 http fetch GET https://registry.npmjs.org/axios-mock-adapter attempt 1 failed with ENOTFOUND
47 http fetch GET https://registry.npmjs.org/axios-mock-adapter attempt 2 failed with ENOTFOUND
48 http fetch GET https://registry.npmjs.org/axios-mock-adapter attempt 3 failed with ENOTFOUND
49 silly fetch manifest bluebird@^3.7.2
50 silly packumentCache full:https://registry.npmjs.org/bluebird cache-miss
51 http fetch GET https://registry.npmjs.org/bluebird attempt 1 failed with ENOTFOUND
52 http fetch GET https://registry.npmjs.org/bluebird attempt 2 failed with ENOTFOUND
53 http fetch GET https://registry.npmjs.org/bluebird attempt 3 failed with ENOTFOUND
54 silly fetch manifest concurrently@^8.2.2
55 silly packumentCache full:https://registry.npmjs.org/concurrently cache-miss
56 http fetch GET https://registry.npmjs.org/concurrently attempt 1 failed with ENOTFOUND
57 http fetch GET https://registry.npmjs.org/concurrently attempt 2 failed with ENOTFOUND
